5 -7 83.3333
-1 -7 83.3333
5 -1 77.037
-1 -1 78.8889
11 -7 78.1481
11 -1 77.037
5 -13 83.3333
-1 -13 55.5556
11 -13 84.4444
-3 -7 56.2963
-3 -1 71.1111
-3 -13 55.5556
5 1 70.7407
-1 1 64.0741
11 1 70.7407
-3 1 55.5556
9 -7 81.1111
9 -1 77.037
9 -13 84.0741
9 1 70.7407
5 -11 84.0741
-1 -11 55.5556
11 -11 84.0741
-3 -11 55.5556
9 -11 84.4444
3 -7 84.0741
3 -1 76.6667
3 -13 61.4815
3 1 70.7407
3 -11 83.3333
5 -5 80.3704
-1 -5 83.7037
11 -5 76.2963
-3 -5 83.7037
9 -5 75.9259
3 -5 82.5926
15 -7 73.7037
15 -1 77.037
15 -13 83.3333
15 1 70.7407
15 -11 82.5926
15 -5 75.9259
5 -15 61.4815
-1 -15 55.5556
11 -15 84.0741
-3 -15 55.5556
9 -15 84.0741
3 -15 55.5556
15 -15 83.3333
-5 -7 55.5556
-5 -1 55.5556
-5 -13 55.5556
-5 1 55.5556
-5 -11 55.5556
-5 -5 55.5556
-5 -15 55.5556
5 3 60.7407
-1 3 55.5556
11 3 60.7407
-3 3 55.5556
9 3 60.7407
3 3 60.7407
15 3 60.7407
-5 3 55.5556
7 -7 83.7037
7 -1 77.037
7 -13 84.0741
7 1 70.7407
7 -11 84.0741
7 -5 77.7778
7 -15 83.3333
7 3 60.7407
5 -9 84.0741
-1 -9 60.3704
11 -9 82.963
-3 -9 55.5556
9 -9 83.7037
3 -9 84.0741
15 -9 77.4074
-5 -9 55.5556
7 -9 84.4444
1 -7 84.0741
1 -1 76.2963
1 -13 55.5556
1 1 71.1111
1 -11 61.1111
1 -5 83.3333
1 -15 55.5556
1 3 60.7407
1 -9 83.3333
5 -3 77.4074
-1 -3 82.963
11 -3 74.8148
-3 -3 81.8519
9 -3 74.8148
3 -3 78.1481
15 -3 74.8148
-5 -3 62.2222
7 -3 76.2963
1 -3 80.0
13 -7 76.2963
13 -1 77.037
13 -13 83.3333
13 1 70.7407
13 -11 83.7037
13 -5 75.9259
13 -15 84.4444
13 3 60.7407
13 -9 80.7407
13 -3 74.8148
