5 -7 59.0
-1 -7 52.6
5 -1 92.8
-1 -1 83.4
11 -7 90.4
11 -1 91.2
5 -13 52.6
-1 -13 52.6
11 -13 54.0
-3 -7 52.6
-3 -1 68.2
-3 -13 52.6
5 1 86.4
-1 1 82.4
11 1 86.4
-3 1 52.6
9 -7 83.4
9 -1 91.2
9 -13 52.0
9 1 86.4
5 -11 52.6
-1 -11 52.6
11 -11 55.0
-3 -11 52.6
9 -11 54.4
3 -7 53.0
3 -1 91.4
3 -13 52.6
3 1 86.0
3 -11 52.6
5 -5 82.6
-1 -5 52.6
11 -5 96.0
-3 -5 52.6
9 -5 94.2
3 -5 70.0
15 -7 96.4
15 -1 91.2
15 -13 55.8
15 1 86.4
15 -11 71.2
15 -5 95.6
5 -15 52.6
-1 -15 52.6
11 -15 52.0
-3 -15 52.6
9 -15 52.6
3 -15 52.6
15 -15 53.4
-5 -7 52.6
-5 -1 52.6
-5 -13 52.6
-5 1 52.6
-5 -11 52.6
-5 -5 52.6
-5 -15 52.6
5 3 73.0
-1 3 52.6
11 3 73.0
-3 3 52.6
9 3 73.0
3 3 73.0
15 3 73.0
-5 3 52.6
7 -7 71.2
7 -1 91.2
7 -13 52.6
7 1 86.4
7 -11 52.2
7 -5 90.2
7 -15 52.6
7 3 73.0
5 -9 52.2
-1 -9 52.6
11 -9 71.4
-3 -9 52.6
9 -9 58.4
3 -9 52.6
15 -9 90.6
-5 -9 52.6
7 -9 55.0
1 -7 52.6
1 -1 88.6
1 -13 52.6
1 1 85.8
1 -11 52.6
1 -5 55.8
1 -15 52.6
1 3 73.0
1 -9 52.6
5 -3 92.8
-1 -3 65.4
11 -3 94.0
-3 -3 52.6
9 -3 94.8
3 -3 87.8
15 -3 94.4
-5 -3 52.6
7 -3 96.0
1 -3 80.6
13 -7 94.0
13 -1 91.2
13 -13 54.0
13 1 86.4
13 -11 57.4
13 -5 96.0
13 -15 53.8
13 3 73.0
13 -9 83.2
13 -3 94.4
